<?xml version="1.0" encoding="utf-8" standalone="no"?>
<!--This file represents the results of running a test suite-->
<test-results name="/home/chrx/Projects/FSharp/CafeApp/tests/CafeApp.Core.Tests.dll" total="1" errors="0" failures="0" not-run="0" inconclusive="0" ignored="0" skipped="0" invalid="0" date="2017-03-05" time="02:48:35">
  <environment nunit-version="2.6.4.14350" clr-version="4.0.30319.42000" os-version="Unix 4.8.17.0" platform="Unix" cwd="/home/chrx/Projects/FSharp/CafeApp" machine-name="chrx" user="chrx" user-domain="chrx" />
  <culture-info current-culture="en-US" current-uiculture="en-US" />
  <test-suite type="Assembly" name="/home/chrx/Projects/FSharp/CafeApp/tests/CafeApp.Core.Tests.dll" executed="True" result="Success" success="True" time="0.040" asserts="0">
    <results>
      <test-suite type="Namespace" name="CafeApp" executed="True" result="Success" success="True" time="0.030" asserts="0">
        <results>
          <test-suite type="Namespace" name="Core" executed="True" result="Success" success="True" time="0.030" asserts="0">
            <results>
              <test-suite type="Namespace" name="Tests" executed="True" result="Success" success="True" time="0.030" asserts="0">
                <results>
                  <test-suite type="TestFixture" name="UnitTests" executed="True" result="Success" success="True" time="0.029" asserts="0">
                    <results>
                      <test-case name="CafeApp.Core.Tests.UnitTests.Sample Text" executed="True" result="Success" success="True" time="0.024" asserts="1" />
                    </results>
                  </test-suite>
                </results>
              </test-suite>
            </results>
          </test-suite>
        </results>
      </test-suite>
    </results>
  </test-suite>
</test-results>